<?xml version="1.0" encoding="UTF-8"?>
<testsuite name="Cucumber" time="40.761" tests="2" skipped="0" failures="0" errors="0">
<testcase classname="Free CRM Login Featur" name="Free CRM Login Test Scenario - #1.1" time="15.314">
<system-out><![CDATA[
Given user is already on login page.........................................passed
When title of the page is Free CRM..........................................passed
When user clicks on login button............................................passed
Then user enters "piragoudapatil199915@gmail.com" and "Test@123"............passed
Then user clicks on login...................................................passed
And user is on homepage.....................................................passed
Then close the browser......................................................passed
]]></system-out>
</testcase>
<testcase classname="Free CRM Login Featur" name="Free CRM Login Test Scenario - #1.2" time="25.329">
<system-out><![CDATA[
Given user is already on login page.........................................passed
When title of the page is Free CRM..........................................passed
When user clicks on login button............................................passed
Then user enters "tom" and "Tom@213"........................................passed
Then user clicks on login...................................................passed
And user is on homepage.....................................................passed
Then close the browser......................................................passed
]]></system-out>
</testcase>
</testsuite>
